TN:
SF:/home/ubuntu/workspace/w5 NodeJS & Testing/01 Unit Testing/shopping/modules/shopping.js
FNF:0
FNH:0
DA:9,1
DA:12,1
DA:14,41
DA:16,27
DA:19,14
DA:20,14
DA:22,14
DA:24,41
DA:29,1
DA:31,5
DA:35,1
DA:36,13
DA:40,1
DA:41,4
DA:42,4
DA:43,6
DA:45,4
DA:54,1
DA:55,4
DA:56,1
DA:58,3
DA:62,1
DA:63,3
DA:64,3
DA:65,1
DA:67,2
DA:71,1
DA:72,5
DA:73,5
DA:74,1
DA:76,4
DA:77,1
DA:79,3
DA:80,1
DA:82,2
DA:83,2
DA:84,2
DA:85,1
DA:86,1
DA:88,1
DA:89,1
LF:41
LH:41
BRDA:14,1,0,27
BRDA:14,1,1,14
BRDA:55,2,0,1
BRDA:55,2,1,3
BRDA:64,3,0,1
BRDA:64,3,1,2
BRDA:73,4,0,1
BRDA:73,4,1,4
BRDA:73,5,0,5
BRDA:73,5,1,5
BRDA:76,6,0,1
BRDA:76,6,1,3
BRDA:79,7,0,1
BRDA:79,7,1,2
BRDA:84,8,0,1
BRDA:84,8,1,1
BRF:16
BRH:16
end_of_record
